0 info it worked if it ends with ok
1 verbose cli [ '/usr/bin/node', '/usr/bin/npm', 'publish' ]
2 info using npm@1.4.28
3 info using node@v0.10.36
4 verbose node symlink /usr/bin/node
5 verbose publish [ '.' ]
6 verbose cache add [ '.', null ]
7 verbose cache add name=undefined spec="." args=[".",null]
8 verbose parsed url { protocol: null,
8 verbose parsed url   slashes: null,
8 verbose parsed url   auth: null,
8 verbose parsed url   host: null,
8 verbose parsed url   port: null,
8 verbose parsed url   hostname: null,
8 verbose parsed url   hash: null,
8 verbose parsed url   search: null,
8 verbose parsed url   query: null,
8 verbose parsed url   pathname: '.',
8 verbose parsed url   path: '.',
8 verbose parsed url   href: '.' }
9 silly lockFile 3a52ce78- .
10 verbose lock . /home/salman/.npm/3a52ce78-.lock
11 verbose tar pack [ '/home/salman/.npm/angular-api/1.0.0/package.tgz', '.' ]
12 verbose tarball /home/salman/.npm/angular-api/1.0.0/package.tgz
13 verbose folder .
14 info prepublish angular-api@1.0.0
15 silly lockFile 1f1177db-tar tar://.
16 verbose lock tar://. /home/salman/.npm/1f1177db-tar.lock
17 silly lockFile 6a4648fa-pm-angular-api-1-0-0-package-tgz tar:///home/salman/.npm/angular-api/1.0.0/package.tgz
18 verbose lock tar:///home/salman/.npm/angular-api/1.0.0/package.tgz /home/salman/.npm/6a4648fa-pm-angular-api-1-0-0-package-tgz.lock
19 silly lockFile 1f1177db-tar tar://.
20 silly lockFile 1f1177db-tar tar://.
21 silly lockFile 6a4648fa-pm-angular-api-1-0-0-package-tgz tar:///home/salman/.npm/angular-api/1.0.0/package.tgz
22 silly lockFile 6a4648fa-pm-angular-api-1-0-0-package-tgz tar:///home/salman/.npm/angular-api/1.0.0/package.tgz
23 silly lockFile 9e449728-an-npm-angular-api-1-0-0-package /home/salman/.npm/angular-api/1.0.0/package
24 verbose lock /home/salman/.npm/angular-api/1.0.0/package /home/salman/.npm/9e449728-an-npm-angular-api-1-0-0-package.lock
25 silly lockFile 9e449728-an-npm-angular-api-1-0-0-package /home/salman/.npm/angular-api/1.0.0/package
26 silly lockFile 9e449728-an-npm-angular-api-1-0-0-package /home/salman/.npm/angular-api/1.0.0/package
27 silly lockFile 3a52ce78- .
28 silly lockFile 3a52ce78- .
29 silly publish { name: 'angular-api',
29 silly publish   version: '1.0.0',
29 silly publish   description: 'Route based API service for AngularJS',
29 silly publish   main: 'index.js',
29 silly publish   scripts: { test: 'echo "Error: no test specified" && exit 1' },
29 silly publish   repository:
29 silly publish    { type: 'git',
29 silly publish      url: 'https://github.com/stariqmi/angular-api.git' },
29 silly publish   keywords: [ 'routes', 'api', 'angular', 'service' ],
29 silly publish   author: { name: 'Salman Tariq Mirza' },
29 silly publish   license: 'MIT',
29 silly publish   bugs: { url: 'https://github.com/stariqmi/angular-api/issues' },
29 silly publish   homepage: 'https://github.com/stariqmi/angular-api',
29 silly publish   readme: 'ERROR: No README data found!',
29 silly publish   _id: 'angular-api@1.0.0',
29 silly publish   _shasum: '50f1d95af969ce888dd3fa33b7a1f47c64b5d571',
29 silly publish   _from: '.' }
30 error need auth auth and email required for publishing
30 error need auth You need to authorize this machine using `npm adduser`
31 error System Linux 3.13.0-45-generic
32 error command "/usr/bin/node" "/usr/bin/npm" "publish"
33 error cwd /home/salman/projects/angular-api
34 error node -v v0.10.36
35 error npm -v 1.4.28
36 error code ENEEDAUTH
37 verbose exit [ 1, true ]
